{"/Users/darlanmendonca/projects/node/modules/shell-arguments/parser.js":{"path":"/Users/darlanmendonca/projects/node/modules/shell-arguments/parser.js","s":{"1":1,"2":1,"3":59,"4":59,"5":59,"6":59,"7":59,"8":1,"9":14,"10":14,"11":59,"12":59,"13":14,"14":1,"15":14,"16":14,"17":14,"18":14,"19":59,"20":59,"21":59,"22":7,"23":7,"24":7,"25":52,"26":12,"27":40,"28":2,"29":38,"30":10,"31":10,"32":59,"33":59,"34":31,"35":2,"36":4,"37":29,"38":14},"b":{"1":[6,53],"2":[59,17],"3":[3,56],"4":[3,53],"5":[7,52],"6":[12,40],"7":[2,38],"8":[10,28],"9":[31,28],"10":[2,29]},"f":{"1":59,"2":14,"3":59,"4":14,"5":59,"6":4},"fnMap":{"1":{"name":"(anonymous_1)","line":5,"loc":{"start":{"line":5,"column":15},"end":{"line":5,"column":31}}},"2":{"name":"(anonymous_2)","line":15,"loc":{"start":{"line":15,"column":14},"end":{"line":15,"column":29}}},"3":{"name":"(anonymous_3)","line":20,"loc":{"start":{"line":20,"column":17},"end":{"line":20,"column":40}}},"4":{"name":"(anonymous_4)","line":29,"loc":{"start":{"line":29,"column":17},"end":{"line":29,"column":33}}},"5":{"name":"(anonymous_5)","line":41,"loc":{"start":{"line":41,"column":15},"end":{"line":41,"column":43}}},"6":{"name":"(anonymous_6)","line":66,"loc":{"start":{"line":66,"column":20},"end":{"line":66,"column":34}}}},"statementMap":{"1":{"start":{"line":3,"column":0},"end":{"line":3,"column":27}},"2":{"start":{"line":5,"column":0},"end":{"line":13,"column":2}},"3":{"start":{"line":7,"column":2},"end":{"line":7,"column":73}},"4":{"start":{"line":8,"column":2},"end":{"line":8,"column":78}},"5":{"start":{"line":9,"column":2},"end":{"line":9,"column":19}},"6":{"start":{"line":10,"column":2},"end":{"line":10,"column":20}},"7":{"start":{"line":12,"column":2},"end":{"line":12,"column":15}},"8":{"start":{"line":15,"column":0},"end":{"line":27,"column":2}},"9":{"start":{"line":19,"column":4},"end":{"line":19,"column":27}},"10":{"start":{"line":20,"column":4},"end":{"line":24,"column":7}},"11":{"start":{"line":22,"column":6},"end":{"line":22,"column":52}},"12":{"start":{"line":23,"column":6},"end":{"line":23,"column":24}},"13":{"start":{"line":26,"column":2},"end":{"line":26,"column":14}},"14":{"start":{"line":29,"column":0},"end":{"line":78,"column":2}},"15":{"start":{"line":31,"column":2},"end":{"line":31,"column":23}},"16":{"start":{"line":33,"column":2},"end":{"line":33,"column":18}},"17":{"start":{"line":35,"column":2},"end":{"line":39,"column":4}},"18":{"start":{"line":41,"column":2},"end":{"line":75,"column":5}},"19":{"start":{"line":42,"column":4},"end":{"line":42,"column":12}},"20":{"start":{"line":43,"column":4},"end":{"line":43,"column":21}},"21":{"start":{"line":45,"column":4},"end":{"line":59,"column":5}},"22":{"start":{"line":46,"column":6},"end":{"line":46,"column":51}},"23":{"start":{"line":47,"column":6},"end":{"line":47,"column":23}},"24":{"start":{"line":48,"column":6},"end":{"line":48,"column":25}},"25":{"start":{"line":50,"column":9},"end":{"line":59,"column":5}},"26":{"start":{"line":51,"column":6},"end":{"line":51,"column":41}},"27":{"start":{"line":53,"column":9},"end":{"line":59,"column":5}},"28":{"start":{"line":54,"column":6},"end":{"line":54,"column":56}},"29":{"start":{"line":56,"column":9},"end":{"line":59,"column":5}},"30":{"start":{"line":57,"column":6},"end":{"line":57,"column":54}},"31":{"start":{"line":58,"column":6},"end":{"line":58,"column":18}},"32":{"start":{"line":61,"column":4},"end":{"line":61,"column":28}},"33":{"start":{"line":63,"column":4},"end":{"line":74,"column":5}},"34":{"start":{"line":65,"column":6},"end":{"line":73,"column":7}},"35":{"start":{"line":66,"column":8},"end":{"line":68,"column":11}},"36":{"start":{"line":67,"column":10},"end":{"line":67,"column":30}},"37":{"start":{"line":72,"column":8},"end":{"line":72,"column":28}},"38":{"start":{"line":77,"column":2},"end":{"line":77,"column":16}}},"branchMap":{"1":{"line":7,"type":"cond-expr","locations":[{"start":{"line":7,"column":51},"end":{"line":7,"column":64}},{"start":{"line":7,"column":67},"end":{"line":7,"column":72}}]},"2":{"line":7,"type":"binary-expr","locations":[{"start":{"line":7,"column":17},"end":{"line":7,"column":31}},{"start":{"line":7,"column":35},"end":{"line":7,"column":48}}]},"3":{"line":8,"type":"cond-expr","locations":[{"start":{"line":8,"column":38},"end":{"line":8,"column":43}},{"start":{"line":8,"column":46},"end":{"line":8,"column":77}}]},"4":{"line":8,"type":"cond-expr","locations":[{"start":{"line":8,"column":65},"end":{"line":8,"column":69}},{"start":{"line":8,"column":72},"end":{"line":8,"column":77}}]},"5":{"line":45,"type":"if","locations":[{"start":{"line":45,"column":4},"end":{"line":45,"column":4}},{"start":{"line":45,"column":4},"end":{"line":45,"column":4}}]},"6":{"line":50,"type":"if","locations":[{"start":{"line":50,"column":9},"end":{"line":50,"column":9}},{"start":{"line":50,"column":9},"end":{"line":50,"column":9}}]},"7":{"line":53,"type":"if","locations":[{"start":{"line":53,"column":9},"end":{"line":53,"column":9}},{"start":{"line":53,"column":9},"end":{"line":53,"column":9}}]},"8":{"line":56,"type":"if","locations":[{"start":{"line":56,"column":9},"end":{"line":56,"column":9}},{"start":{"line":56,"column":9},"end":{"line":56,"column":9}}]},"9":{"line":63,"type":"if","locations":[{"start":{"line":63,"column":4},"end":{"line":63,"column":4}},{"start":{"line":63,"column":4},"end":{"line":63,"column":4}}]},"10":{"line":65,"type":"if","locations":[{"start":{"line":65,"column":6},"end":{"line":65,"column":6}},{"start":{"line":65,"column":6},"end":{"line":65,"column":6}}]}}}}