TN:
SF:/Users/darlanmendonca/projects/node/modules/shell-arguments/parser.js
FN:5,(anonymous_1)
FN:15,(anonymous_2)
FN:20,(anonymous_3)
FN:29,(anonymous_4)
FN:41,(anonymous_5)
FN:66,(anonymous_6)
FNF:6
FNH:6
FNDA:59,(anonymous_1)
FNDA:14,(anonymous_2)
FNDA:59,(anonymous_3)
FNDA:14,(anonymous_4)
FNDA:59,(anonymous_5)
FNDA:4,(anonymous_6)
DA:3,1
DA:5,1
DA:7,59
DA:8,59
DA:9,59
DA:10,59
DA:12,59
DA:15,1
DA:18,14
DA:19,14
DA:20,14
DA:22,59
DA:23,59
DA:26,14
DA:29,1
DA:31,14
DA:33,14
DA:35,14
DA:41,14
DA:42,59
DA:43,59
DA:45,59
DA:46,7
DA:47,7
DA:48,7
DA:50,52
DA:51,12
DA:53,40
DA:54,2
DA:56,38
DA:57,10
DA:58,10
DA:61,59
DA:63,59
DA:65,31
DA:66,2
DA:67,4
DA:72,29
DA:77,14
LF:39
LH:39
BRDA:7,1,0,6
BRDA:7,1,1,53
BRDA:7,2,0,59
BRDA:7,2,1,17
BRDA:8,3,0,3
BRDA:8,3,1,56
BRDA:8,4,0,3
BRDA:8,4,1,53
BRDA:18,5,0,14
BRDA:18,5,1,0
BRDA:45,6,0,7
BRDA:45,6,1,52
BRDA:50,7,0,12
BRDA:50,7,1,40
BRDA:53,8,0,2
BRDA:53,8,1,38
BRDA:56,9,0,10
BRDA:56,9,1,28
BRDA:63,10,0,31
BRDA:63,10,1,28
BRDA:65,11,0,2
BRDA:65,11,1,29
BRF:22
BRH:21
end_of_record
